SF:/Users/runyaga/dev/soliplex-m2-monty-env/packages/soliplex_monty_plugin/lib/src/monty_script_environment.dart
DA:29,1
DA:32,1
DA:34,2
DA:40,1
DA:50,6
DA:52,2
DA:53,2
DA:55,2
DA:56,4
DA:58,1
DA:61,2
DA:63,2
DA:64,2
DA:65,4
DA:66,6
DA:73,2
DA:74,2
DA:91,2
DA:95,2
DA:99,3
DA:101,2
DA:102,5
DA:104,2
DA:106,4
DA:108,4
DA:110,4
DA:112,2
DA:113,8
DA:116,6
DA:118,2
DA:119,4
LF:31
LH:31
end_of_record
SF:/Users/runyaga/dev/soliplex-m2-monty-env/packages/soliplex_monty_plugin/lib/src/soliplex_connection.dart
DA:11,1
LF:1
LH:1
end_of_record
SF:/Users/runyaga/dev/soliplex-m2-monty-env/packages/soliplex_monty_plugin/lib/src/soliplex_plugin.dart
DA:12,1
DA:15,1
DA:22,4
DA:52,2
DA:54,2
DA:61,2
DA:64,1
DA:70,3
DA:101,1
DA:103,2
DA:104,2
DA:105,2
DA:106,2
DA:107,2
DA:108,2
DA:109,2
DA:110,2
DA:111,2
DA:112,2
DA:113,2
DA:114,2
DA:119,1
DA:120,2
DA:122,2
DA:124,3
DA:134,1
DA:138,1
DA:141,2
DA:143,2
DA:145,2
DA:146,1
DA:147,2
DA:148,1
DA:149,2
DA:150,2
DA:151,1
DA:152,1
DA:153,1
DA:159,1
DA:161,2
DA:162,1
DA:163,1
DA:173,4
DA:178,2
DA:179,6
DA:185,4
DA:197,1
DA:199,4
DA:200,1
DA:202,1
DA:203,2
DA:204,1
DA:205,1
DA:206,1
DA:209,1
DA:214,4
DA:232,1
DA:233,2
DA:234,1
DA:235,2
DA:236,2
DA:237,1
DA:238,1
DA:239,1
DA:240,1
DA:241,1
DA:242,3
DA:243,3
DA:244,1
DA:245,1
DA:252,4
DA:270,1
DA:271,2
DA:272,1
DA:273,2
DA:274,1
DA:276,1
DA:277,2
DA:278,1
DA:279,1
DA:280,1
DA:281,1
DA:284,1
DA:289,4
DA:312,1
DA:313,2
DA:314,1
DA:315,1
DA:316,2
DA:317,2
DA:318,1
DA:319,1
DA:320,2
DA:327,4
DA:344,1
DA:345,2
DA:346,1
DA:347,2
DA:348,1
DA:350,1
DA:351,2
DA:352,1
DA:353,1
DA:354,2
DA:357,1
DA:364,4
DA:389,2
DA:392,1
DA:393,2
DA:394,1
DA:395,1
DA:398,2
DA:399,1
DA:400,1
DA:403,1
DA:404,2
DA:407,1
DA:408,1
DA:411,2
DA:414,1
DA:417,2
DA:418,1
DA:420,1
DA:421,2
DA:422,1
DA:424,2
DA:431,4
DA:462,2
DA:465,1
DA:466,2
DA:467,1
DA:468,1
DA:469,1
DA:472,2
DA:474,2
DA:478,2
DA:479,1
DA:482,1
DA:483,1
DA:486,2
DA:489,1
DA:492,2
DA:493,1
DA:495,1
DA:496,2
DA:497,1
DA:499,2
DA:508,4
DA:543,1
DA:544,2
DA:545,1
DA:546,1
DA:547,1
DA:549,1
DA:550,2
DA:553,1
DA:556,2
DA:560,4
DA:600,1
DA:601,2
DA:602,1
DA:603,1
DA:604,1
DA:605,1
DA:607,1
DA:608,2
DA:612,1
DA:615,2
DA:625,1
DA:627,2
DA:632,1
DA:634,1
DA:635,3
DA:636,2
DA:637,2
LF:175
LH:175
end_of_record
